2026-07-05 10:24:35 | INFO     | app.tasks.reminder_tasks:60 - 定时任务调度器已启动（催办检查间隔：24 小时）
2026-07-05 10:24:35 | INFO     | app.main:30 - 🚀 实验室报销管理系统 启动成功，环境：development
2026-07-05 10:25:33 | DEBUG    | app.main:89 - GET /health → 200 (24.2ms)
2026-07-05 10:25:33 | DEBUG    | app.main:89 - GET /docs → 200 (0.2ms)
2026-07-05 10:30:27 | DEBUG    | app.main:89 - POST /api/v1/auth/login → 200 (242.6ms)
2026-07-05 10:30:50 | DEBUG    | app.main:89 - POST /api/v1/auth/login → 200 (206.1ms)
2026-07-05 10:30:51 | DEBUG    | app.main:89 - GET /api/v1/projects/active → 200 (5.7ms)
2026-07-05 10:30:51 | DEBUG    | app.main:89 - GET /api/v1/system/tags → 200 (2.4ms)
2026-07-05 10:30:51 | DEBUG    | app.main:89 - GET /api/v1/users → 200 (3.9ms)
2026-07-05 10:34:51 | INFO     | app.tasks.reminder_tasks:68 - 定时任务调度器已关闭
2026-07-05 10:34:51 | INFO     | app.main:35 - 👋 应用正在关闭...
2026-07-05 10:35:38 | INFO     | app.tasks.reminder_tasks:60 - 定时任务调度器已启动（催办检查间隔：24 小时）
2026-07-05 10:35:38 | INFO     | app.main:30 - 🚀 实验室报销管理系统 启动成功，环境：development
2026-07-05 10:35:38 | DEBUG    | app.main:89 - GET /health → 200 (24.9ms)
2026-07-05 10:35:55 | DEBUG    | app.main:89 - GET /health → 200 (0.6ms)
2026-07-05 10:37:11 | INFO     | app.tasks.reminder_tasks:68 - 定时任务调度器已关闭
2026-07-05 10:37:11 | INFO     | app.main:35 - 👋 应用正在关闭...
2026-07-05 10:37:14 | INFO     | app.tasks.reminder_tasks:60 - 定时任务调度器已启动（催办检查间隔：24 小时）
2026-07-05 10:37:14 | INFO     | app.main:30 - 🚀 实验室报销管理系统 启动成功，环境：development
2026-07-05 10:37:14 | DEBUG    | app.main:89 - GET /health → 200 (23.9ms)
2026-07-05 10:37:27 | DEBUG    | app.main:89 - POST /api/v1/auth/login → 200 (255.8ms)
2026-07-05 10:37:27 | DEBUG    | app.main:89 - GET /api/v1/notifications/unread-count → 200 (5.5ms)
2026-07-05 10:37:27 | DEBUG    | app.main:89 - GET /api/v1/dashboard/admin → 200 (9.3ms)
2026-07-05 10:37:28 | DEBUG    | app.main:89 - GET /api/v1/notifications/unread-count → 200 (4.9ms)
2026-07-05 10:37:28 | DEBUG    | app.main:89 - GET /api/v1/dashboard/admin → 200 (10.1ms)
2026-07-05 10:37:36 | DEBUG    | app.main:89 - GET /api/v1/notifications/unread-count → 200 (6.3ms)
2026-07-05 10:37:36 | DEBUG    | app.main:89 - GET /api/v1/reimbursements → 200 (9.2ms)
2026-07-05 10:37:36 | DEBUG    | app.main:89 - GET /api/v1/notifications/unread-count → 200 (3.7ms)
2026-07-05 10:37:36 | DEBUG    | app.main:89 - GET /api/v1/dashboard/admin → 200 (7.6ms)
2026-07-05 10:37:39 | DEBUG    | app.main:89 - GET /api/v1/dashboard/admin → 200 (8.8ms)
2026-07-05 10:47:26 | INFO     | app.tasks.reminder_tasks:60 - 定时任务调度器已启动（催办检查间隔：24 小时）
2026-07-05 10:47:26 | INFO     | app.main:30 - 🚀 实验室报销管理系统 启动成功，环境：development
2026-07-05 10:47:26 | DEBUG    | app.main:89 - GET /health → 200 (24.7ms)
2026-07-05 10:47:29 | DEBUG    | app.main:89 - GET /api/v1/notifications/unread-count → 200 (16.6ms)
2026-07-05 10:47:29 | DEBUG    | app.main:89 - GET /api/v1/dashboard/admin → 200 (23.1ms)
2026-07-05 10:47:31 | DEBUG    | app.main:89 - GET /api/v1/notifications/unread-count → 200 (8.7ms)
2026-07-05 10:47:31 | DEBUG    | app.main:89 - GET /api/v1/dashboard/admin → 200 (13.1ms)
2026-07-05 10:47:45 | DEBUG    | app.main:89 - GET /health → 200 (0.3ms)
2026-07-05 10:49:40 | INFO     | app.tasks.reminder_tasks:68 - 定时任务调度器已关闭
2026-07-05 10:49:40 | INFO     | app.main:35 - 👋 应用正在关闭...
2026-07-05 10:49:43 | INFO     | app.tasks.reminder_tasks:60 - 定时任务调度器已启动（催办检查间隔：24 小时）
2026-07-05 10:49:43 | INFO     | app.main:30 - 🚀 实验室报销管理系统 启动成功，环境：development
2026-07-05 10:49:43 | DEBUG    | app.main:89 - GET /health → 200 (24.4ms)
2026-07-05 10:49:46 | DEBUG    | app.main:89 - GET /api/v1/notifications/unread-count → 200 (16.1ms)
2026-07-05 10:49:46 | DEBUG    | app.main:89 - GET /api/v1/dashboard/admin → 200 (21.6ms)
2026-07-05 10:49:49 | DEBUG    | app.main:89 - GET /api/v1/reimbursements → 200 (13.0ms)
2026-07-05 10:49:50 | DEBUG    | app.main:89 - GET /api/v1/notifications/unread-count → 200 (3.5ms)
2026-07-05 10:49:50 | DEBUG    | app.main:89 - GET /api/v1/reimbursements/pending → 200 (4.6ms)
2026-07-05 10:49:56 | DEBUG    | app.main:89 - GET /api/v1/notifications/unread-count → 200 (7.7ms)
2026-07-05 10:49:56 | DEBUG    | app.main:89 - GET /api/v1/reimbursements/pending → 200 (8.8ms)
2026-07-05 10:50:09 | INFO     | app.tasks.reminder_tasks:60 - 定时任务调度器已启动（催办检查间隔：24 小时）
2026-07-05 10:50:09 | INFO     | app.main:30 - 🚀 实验室报销管理系统 启动成功，环境：development
2026-07-05 10:50:10 | DEBUG    | app.main:89 - GET /health → 200 (24.2ms)
2026-07-05 10:50:12 | DEBUG    | app.main:89 - GET /api/v1/notifications/unread-count → 200 (15.9ms)
2026-07-05 10:50:12 | DEBUG    | app.main:89 - GET /api/v1/dashboard/admin → 200 (21.0ms)
2026-07-05 10:51:12 | DEBUG    | app.main:89 - GET /api/v1/notifications/unread-count → 200 (7.1ms)
2026-07-05 10:52:12 | DEBUG    | app.main:89 - GET /api/v1/notifications/unread-count → 200 (4.3ms)
2026-07-05 10:53:12 | DEBUG    | app.main:89 - GET /api/v1/notifications/unread-count → 200 (4.1ms)
2026-07-05 10:54:12 | DEBUG    | app.main:89 - GET /api/v1/notifications/unread-count → 200 (4.0ms)
2026-07-05 10:55:12 | DEBUG    | app.main:89 - GET /api/v1/notifications/unread-count → 200 (4.4ms)
2026-07-05 10:56:12 | DEBUG    | app.main:89 - GET /api/v1/notifications/unread-count → 200 (4.8ms)
2026-07-05 10:57:12 | DEBUG    | app.main:89 - GET /api/v1/notifications/unread-count → 200 (4.0ms)
2026-07-05 10:58:12 | DEBUG    | app.main:89 - GET /api/v1/notifications/unread-count → 200 (4.9ms)
2026-07-05 10:59:12 | DEBUG    | app.main:89 - GET /api/v1/notifications/unread-count → 200 (5.0ms)
2026-07-05 11:00:12 | DEBUG    | app.main:89 - GET /api/v1/notifications/unread-count → 200 (5.3ms)
2026-07-05 11:01:12 | DEBUG    | app.main:89 - GET /api/v1/notifications/unread-count → 200 (5.2ms)
2026-07-05 11:01:51 | DEBUG    | app.main:89 - GET /api/v1/reimbursements → 200 (9.8ms)
2026-07-05 11:02:13 | DEBUG    | app.main:89 - GET /api/v1/notifications/unread-count → 200 (6.0ms)
